<?xml version="1.0" encoding="UTF-8"?>
<testsuite xmlns:xsi="http://www.w3.org/2001/XMLSchema-instance" xsi:noNamespaceSchemaLocation="https://maven.apache.org/surefire/maven-surefire-plugin/xsd/surefire-test-report-3.0.xsd" version="3.0" name="com.hmpo.hmdemo.HmdemoApplicationTests" time="1.96" tests="1" errors="0" skipped="0" failures="0">
  <properties>
    <property name="sun.desktop" value="gnome"/>
    <property name="awt.toolkit" value="sun.awt.X11.XToolkit"/>
    <property name="file.encoding.pkg" value="sun.io"/>
    <property name="java.specification.version" value="1.8"/>
    <property name="sun.cpu.isalist" value=""/>
    <property name="sun.jnu.encoding" value="UTF-8"/>
    <property name="java.class.path" value="/home/satyajitsingh/eclipse-workspace/hmdemo/target/test-classes:/home/satyajitsingh/eclipse-workspace/hmdemo/target/classes:/home/satyajitsingh/.m2/repository/org/springframework/boot/spring-boot-starter/1.5.4.RELEASE/spring-boot-starter-1.5.4.RELEASE.jar:/home/satyajitsingh/.m2/repository/org/springframework/boot/spring-boot/1.5.4.RELEASE/spring-boot-1.5.4.RELEASE.jar:/home/satyajitsingh/.m2/repository/org/springframework/spring-context/4.3.9.RELEASE/spring-context-4.3.9.RELEASE.jar:/home/satyajitsingh/.m2/repository/org/springframework/boot/spring-boot-autoconfigure/1.5.4.RELEASE/spring-boot-autoconfigure-1.5.4.RELEASE.jar:/home/satyajitsingh/.m2/repository/org/springframework/boot/spring-boot-starter-logging/1.5.4.RELEASE/spring-boot-starter-logging-1.5.4.RELEASE.jar:/home/satyajitsingh/.m2/repository/ch/qos/logback/logback-classic/1.1.11/logback-classic-1.1.11.jar:/home/satyajitsingh/.m2/repository/ch/qos/logback/logback-core/1.1.11/logback-core-1.1.11.jar:/home/satyajitsingh/.m2/repository/org/slf4j/jcl-over-slf4j/1.7.25/jcl-over-slf4j-1.7.25.jar:/home/satyajitsingh/.m2/repository/org/slf4j/jul-to-slf4j/1.7.25/jul-to-slf4j-1.7.25.jar:/home/satyajitsingh/.m2/repository/org/slf4j/log4j-over-slf4j/1.7.25/log4j-over-slf4j-1.7.25.jar:/home/satyajitsingh/.m2/repository/org/springframework/spring-core/4.3.9.RELEASE/spring-core-4.3.9.RELEASE.jar:/home/satyajitsingh/.m2/repository/org/yaml/snakeyaml/1.17/snakeyaml-1.17.jar:/home/satyajitsingh/.m2/repository/org/springframework/boot/spring-boot-starter-test/1.5.4.RELEASE/spring-boot-starter-test-1.5.4.RELEASE.jar:/home/satyajitsingh/.m2/repository/org/springframework/boot/spring-boot-test/1.5.4.RELEASE/spring-boot-test-1.5.4.RELEASE.jar:/home/satyajitsingh/.m2/repository/org/springframework/boot/spring-boot-test-autoconfigure/1.5.4.RELEASE/spring-boot-test-autoconfigure-1.5.4.RELEASE.jar:/home/satyajitsingh/.m2/repository/com/jayway/jsonpath/json-path/2.2.0/json-path-2.2.0.jar:/home/satyajitsingh/.m2/repository/net/minidev/json-smart/2.2.1/json-smart-2.2.1.jar:/home/satyajitsingh/.m2/repository/net/minidev/accessors-smart/1.1/accessors-smart-1.1.jar:/home/satyajitsingh/.m2/repository/org/ow2/asm/asm/5.0.3/asm-5.0.3.jar:/home/satyajitsingh/.m2/repository/org/slf4j/slf4j-api/1.7.25/slf4j-api-1.7.25.jar:/home/satyajitsingh/.m2/repository/junit/junit/4.12/junit-4.12.jar:/home/satyajitsingh/.m2/repository/org/assertj/assertj-core/2.6.0/assertj-core-2.6.0.jar:/home/satyajitsingh/.m2/repository/org/mockito/mockito-core/1.10.19/mockito-core-1.10.19.jar:/home/satyajitsingh/.m2/repository/org/objenesis/objenesis/2.1/objenesis-2.1.jar:/home/satyajitsingh/.m2/repository/org/hamcrest/hamcrest-core/1.3/hamcrest-core-1.3.jar:/home/satyajitsingh/.m2/repository/org/hamcrest/hamcrest-library/1.3/hamcrest-library-1.3.jar:/home/satyajitsingh/.m2/repository/org/skyscreamer/jsonassert/1.4.0/jsonassert-1.4.0.jar:/home/satyajitsingh/.m2/repository/com/vaadin/external/google/android-json/0.0.20131108.vaadin1/android-json-0.0.20131108.vaadin1.jar:/home/satyajitsingh/.m2/repository/org/springframework/spring-test/4.3.9.RELEASE/spring-test-4.3.9.RELEASE.jar:/home/satyajitsingh/.m2/repository/org/springframework/boot/spring-boot-starter-web/1.5.4.RELEASE/spring-boot-starter-web-1.5.4.RELEASE.jar:/home/satyajitsingh/.m2/repository/org/springframework/boot/spring-boot-starter-tomcat/1.5.4.RELEASE/spring-boot-starter-tomcat-1.5.4.RELEASE.jar:/home/satyajitsingh/.m2/repository/org/apache/tomcat/embed/tomcat-embed-core/8.5.15/tomcat-embed-core-8.5.15.jar:/home/satyajitsingh/.m2/repository/org/apache/tomcat/embed/tomcat-embed-el/8.5.15/tomcat-embed-el-8.5.15.jar:/home/satyajitsingh/.m2/repository/org/apache/tomcat/embed/tomcat-embed-websocket/8.5.15/tomcat-embed-websocket-8.5.15.jar:/home/satyajitsingh/.m2/repository/org/hibernate/hibernate-validator/5.3.5.Final/hibernate-validator-5.3.5.Final.jar:/home/satyajitsingh/.m2/repository/javax/validation/validation-api/1.1.0.Final/validation-api-1.1.0.Final.jar:/home/satyajitsingh/.m2/repository/com/fasterxml/classmate/1.3.3/classmate-1.3.3.jar:/home/satyajitsingh/.m2/repository/com/fasterxml/jackson/core/jackson-databind/2.8.8/jackson-databind-2.8.8.jar:/home/satyajitsingh/.m2/repository/org/springframework/spring-web/4.3.9.RELEASE/spring-web-4.3.9.RELEASE.jar:/home/satyajitsingh/.m2/repository/org/springframework/spring-aop/4.3.9.RELEASE/spring-aop-4.3.9.RELEASE.jar:/home/satyajitsingh/.m2/repository/org/springframework/spring-beans/4.3.9.RELEASE/spring-beans-4.3.9.RELEASE.jar:/home/satyajitsingh/.m2/repository/org/springframework/spring-webmvc/4.3.9.RELEASE/spring-webmvc-4.3.9.RELEASE.jar:/home/satyajitsingh/.m2/repository/org/springframework/spring-expression/4.3.9.RELEASE/spring-expression-4.3.9.RELEASE.jar:/home/satyajitsingh/.m2/repository/org/mockito/mockito-all/1.9.5/mockito-all-1.9.5.jar:/home/satyajitsingh/.m2/repository/org/keycloak/keycloak-spring-boot-starter/3.3.0.Final/keycloak-spring-boot-starter-3.3.0.Final.jar:/home/satyajitsingh/.m2/repository/org/keycloak/keycloak-spring-boot-adapter/3.3.0.Final/keycloak-spring-boot-adapter-3.3.0.Final.jar:/home/satyajitsingh/.m2/repository/org/keycloak/keycloak-authz-client/3.3.0.Final/keycloak-authz-client-3.3.0.Final.jar:/home/satyajitsingh/.m2/repository/org/apache/httpcomponents/httpclient/4.5.3/httpclient-4.5.3.jar:/home/satyajitsingh/.m2/repository/org/apache/httpcomponents/httpcore/4.4.6/httpcore-4.4.6.jar:/home/satyajitsingh/.m2/repository/commons-codec/commons-codec/1.10/commons-codec-1.10.jar:/home/satyajitsingh/.m2/repository/org/keycloak/spring-boot-container-bundle/3.3.0.Final/spring-boot-container-bundle-3.3.0.Final.jar:/home/satyajitsingh/.m2/repository/org/keycloak/keycloak-spring-security-adapter/3.3.0.Final/keycloak-spring-security-adapter-3.3.0.Final.jar:/home/satyajitsingh/.m2/repository/org/keycloak/keycloak-adapter-spi/3.3.0.Final/keycloak-adapter-spi-3.3.0.Final.jar:/home/satyajitsingh/.m2/repository/org/keycloak/keycloak-adapter-core/3.3.0.Final/keycloak-adapter-core-3.3.0.Final.jar:/home/satyajitsingh/.m2/repository/org/bouncycastle/bcprov-jdk15on/1.56/bcprov-jdk15on-1.56.jar:/home/satyajitsingh/.m2/repository/org/keycloak/keycloak-admin-client/3.1.0.Final/keycloak-admin-client-3.1.0.Final.jar:/home/satyajitsingh/.m2/repository/org/keycloak/keycloak-core/3.3.0.Final/keycloak-core-3.3.0.Final.jar:/home/satyajitsingh/.m2/repository/org/keycloak/keycloak-common/3.3.0.Final/keycloak-common-3.3.0.Final.jar:/home/satyajitsingh/.m2/repository/org/bouncycastle/bcpkix-jdk15on/1.56/bcpkix-jdk15on-1.56.jar:/home/satyajitsingh/.m2/repository/javax/ws/rs/javax.ws.rs-api/2.0/javax.ws.rs-api-2.0.jar:/home/satyajitsingh/.m2/repository/org/jboss/resteasy/resteasy-jackson2-provider/3.0.14.Final/resteasy-jackson2-provider-3.0.14.Final.jar:/home/satyajitsingh/.m2/repository/com/fasterxml/jackson/core/jackson-core/2.8.8/jackson-core-2.8.8.jar:/home/satyajitsingh/.m2/repository/com/fasterxml/jackson/core/jackson-annotations/2.8.0/jackson-annotations-2.8.0.jar:/home/satyajitsingh/.m2/repository/com/fasterxml/jackson/jaxrs/jackson-jaxrs-json-provider/2.8.8/jackson-jaxrs-json-provider-2.8.8.jar:/home/satyajitsingh/.m2/repository/com/fasterxml/jackson/jaxrs/jackson-jaxrs-base/2.8.8/jackson-jaxrs-base-2.8.8.jar:/home/satyajitsingh/.m2/repository/com/fasterxml/jackson/module/jackson-module-jaxb-annotations/2.8.8/jackson-module-jaxb-annotations-2.8.8.jar:/home/satyajitsingh/.m2/repository/com/googlecode/json-simple/json-simple/1.1.1/json-simple-1.1.1.jar:/home/satyajitsingh/.m2/repository/org/jboss/resteasy/resteasy-client/3.0.19.Final/resteasy-client-3.0.19.Final.jar:/home/satyajitsingh/.m2/repository/org/jboss/resteasy/resteasy-jaxrs/3.0.19.Final/resteasy-jaxrs-3.0.19.Final.jar:/home/satyajitsingh/.m2/repository/org/jboss/spec/javax/ws/rs/jboss-jaxrs-api_2.0_spec/1.0.0.Final/jboss-jaxrs-api_2.0_spec-1.0.0.Final.jar:/home/satyajitsingh/.m2/repository/org/jboss/spec/javax/annotation/jboss-annotations-api_1.2_spec/1.0.0.Final/jboss-annotations-api_1.2_spec-1.0.0.Final.jar:/home/satyajitsingh/.m2/repository/javax/activation/activation/1.1.1/activation-1.1.1.jar:/home/satyajitsingh/.m2/repository/commons-io/commons-io/2.1/commons-io-2.1.jar:/home/satyajitsingh/.m2/repository/net/jcip/jcip-annotations/1.0/jcip-annotations-1.0.jar:/home/satyajitsingh/.m2/repository/org/jboss/logging/jboss-logging/3.3.1.Final/jboss-logging-3.3.1.Final.jar:"/>
    <property name="java.vm.vendor" value="Oracle Corporation"/>
    <property name="sun.arch.data.model" value="64"/>
    <property name="java.vendor.url" value="http://java.oracle.com/"/>
    <property name="user.timezone" value=""/>
    <property name="java.vm.specification.version" value="1.8"/>
    <property name="os.name" value="Linux"/>
    <property name="user.country" value="GB"/>
    <property name="sun.java.launcher" value="SUN_STANDARD"/>
    <property name="sun.boot.library.path" value="/usr/lib/jvm/java-8-openjdk-amd64/jre/lib/amd64"/>
    <property name="sun.java.command" value="/home/satyajitsingh/eclipse-workspace/hmdemo/target/surefire/surefirebooter342986884330341305.jar /home/satyajitsingh/eclipse-workspace/hmdemo/target/surefire 2019-03-04T16-09-55_771-jvmRun1 surefire6256102033110666582tmp surefire_07509788452415169602tmp"/>
    <property name="surefire.test.class.path" value="/home/satyajitsingh/eclipse-workspace/hmdemo/target/test-classes:/home/satyajitsingh/eclipse-workspace/hmdemo/target/classes:/home/satyajitsingh/.m2/repository/org/springframework/boot/spring-boot-starter/1.5.4.RELEASE/spring-boot-starter-1.5.4.RELEASE.jar:/home/satyajitsingh/.m2/repository/org/springframework/boot/spring-boot/1.5.4.RELEASE/spring-boot-1.5.4.RELEASE.jar:/home/satyajitsingh/.m2/repository/org/springframework/spring-context/4.3.9.RELEASE/spring-context-4.3.9.RELEASE.jar:/home/satyajitsingh/.m2/repository/org/springframework/boot/spring-boot-autoconfigure/1.5.4.RELEASE/spring-boot-autoconfigure-1.5.4.RELEASE.jar:/home/satyajitsingh/.m2/repository/org/springframework/boot/spring-boot-starter-logging/1.5.4.RELEASE/spring-boot-starter-logging-1.5.4.RELEASE.jar:/home/satyajitsingh/.m2/repository/ch/qos/logback/logback-classic/1.1.11/logback-classic-1.1.11.jar:/home/satyajitsingh/.m2/repository/ch/qos/logback/logback-core/1.1.11/logback-core-1.1.11.jar:/home/satyajitsingh/.m2/repository/org/slf4j/jcl-over-slf4j/1.7.25/jcl-over-slf4j-1.7.25.jar:/home/satyajitsingh/.m2/repository/org/slf4j/jul-to-slf4j/1.7.25/jul-to-slf4j-1.7.25.jar:/home/satyajitsingh/.m2/repository/org/slf4j/log4j-over-slf4j/1.7.25/log4j-over-slf4j-1.7.25.jar:/home/satyajitsingh/.m2/repository/org/springframework/spring-core/4.3.9.RELEASE/spring-core-4.3.9.RELEASE.jar:/home/satyajitsingh/.m2/repository/org/yaml/snakeyaml/1.17/snakeyaml-1.17.jar:/home/satyajitsingh/.m2/repository/org/springframework/boot/spring-boot-starter-test/1.5.4.RELEASE/spring-boot-starter-test-1.5.4.RELEASE.jar:/home/satyajitsingh/.m2/repository/org/springframework/boot/spring-boot-test/1.5.4.RELEASE/spring-boot-test-1.5.4.RELEASE.jar:/home/satyajitsingh/.m2/repository/org/springframework/boot/spring-boot-test-autoconfigure/1.5.4.RELEASE/spring-boot-test-autoconfigure-1.5.4.RELEASE.jar:/home/satyajitsingh/.m2/repository/com/jayway/jsonpath/json-path/2.2.0/json-path-2.2.0.jar:/home/satyajitsingh/.m2/repository/net/minidev/json-smart/2.2.1/json-smart-2.2.1.jar:/home/satyajitsingh/.m2/repository/net/minidev/accessors-smart/1.1/accessors-smart-1.1.jar:/home/satyajitsingh/.m2/repository/org/ow2/asm/asm/5.0.3/asm-5.0.3.jar:/home/satyajitsingh/.m2/repository/org/slf4j/slf4j-api/1.7.25/slf4j-api-1.7.25.jar:/home/satyajitsingh/.m2/repository/junit/junit/4.12/junit-4.12.jar:/home/satyajitsingh/.m2/repository/org/assertj/assertj-core/2.6.0/assertj-core-2.6.0.jar:/home/satyajitsingh/.m2/repository/org/mockito/mockito-core/1.10.19/mockito-core-1.10.19.jar:/home/satyajitsingh/.m2/repository/org/objenesis/objenesis/2.1/objenesis-2.1.jar:/home/satyajitsingh/.m2/repository/org/hamcrest/hamcrest-core/1.3/hamcrest-core-1.3.jar:/home/satyajitsingh/.m2/repository/org/hamcrest/hamcrest-library/1.3/hamcrest-library-1.3.jar:/home/satyajitsingh/.m2/repository/org/skyscreamer/jsonassert/1.4.0/jsonassert-1.4.0.jar:/home/satyajitsingh/.m2/repository/com/vaadin/external/google/android-json/0.0.20131108.vaadin1/android-json-0.0.20131108.vaadin1.jar:/home/satyajitsingh/.m2/repository/org/springframework/spring-test/4.3.9.RELEASE/spring-test-4.3.9.RELEASE.jar:/home/satyajitsingh/.m2/repository/org/springframework/boot/spring-boot-starter-web/1.5.4.RELEASE/spring-boot-starter-web-1.5.4.RELEASE.jar:/home/satyajitsingh/.m2/repository/org/springframework/boot/spring-boot-starter-tomcat/1.5.4.RELEASE/spring-boot-starter-tomcat-1.5.4.RELEASE.jar:/home/satyajitsingh/.m2/repository/org/apache/tomcat/embed/tomcat-embed-core/8.5.15/tomcat-embed-core-8.5.15.jar:/home/satyajitsingh/.m2/repository/org/apache/tomcat/embed/tomcat-embed-el/8.5.15/tomcat-embed-el-8.5.15.jar:/home/satyajitsingh/.m2/repository/org/apache/tomcat/embed/tomcat-embed-websocket/8.5.15/tomcat-embed-websocket-8.5.15.jar:/home/satyajitsingh/.m2/repository/org/hibernate/hibernate-validator/5.3.5.Final/hibernate-validator-5.3.5.Final.jar:/home/satyajitsingh/.m2/repository/javax/validation/validation-api/1.1.0.Final/validation-api-1.1.0.Final.jar:/home/satyajitsingh/.m2/repository/com/fasterxml/classmate/1.3.3/classmate-1.3.3.jar:/home/satyajitsingh/.m2/repository/com/fasterxml/jackson/core/jackson-databind/2.8.8/jackson-databind-2.8.8.jar:/home/satyajitsingh/.m2/repository/org/springframework/spring-web/4.3.9.RELEASE/spring-web-4.3.9.RELEASE.jar:/home/satyajitsingh/.m2/repository/org/springframework/spring-aop/4.3.9.RELEASE/spring-aop-4.3.9.RELEASE.jar:/home/satyajitsingh/.m2/repository/org/springframework/spring-beans/4.3.9.RELEASE/spring-beans-4.3.9.RELEASE.jar:/home/satyajitsingh/.m2/repository/org/springframework/spring-webmvc/4.3.9.RELEASE/spring-webmvc-4.3.9.RELEASE.jar:/home/satyajitsingh/.m2/repository/org/springframework/spring-expression/4.3.9.RELEASE/spring-expression-4.3.9.RELEASE.jar:/home/satyajitsingh/.m2/repository/org/mockito/mockito-all/1.9.5/mockito-all-1.9.5.jar:/home/satyajitsingh/.m2/repository/org/keycloak/keycloak-spring-boot-starter/3.3.0.Final/keycloak-spring-boot-starter-3.3.0.Final.jar:/home/satyajitsingh/.m2/repository/org/keycloak/keycloak-spring-boot-adapter/3.3.0.Final/keycloak-spring-boot-adapter-3.3.0.Final.jar:/home/satyajitsingh/.m2/repository/org/keycloak/keycloak-authz-client/3.3.0.Final/keycloak-authz-client-3.3.0.Final.jar:/home/satyajitsingh/.m2/repository/org/apache/httpcomponents/httpclient/4.5.3/httpclient-4.5.3.jar:/home/satyajitsingh/.m2/repository/org/apache/httpcomponents/httpcore/4.4.6/httpcore-4.4.6.jar:/home/satyajitsingh/.m2/repository/commons-codec/commons-codec/1.10/commons-codec-1.10.jar:/home/satyajitsingh/.m2/repository/org/keycloak/spring-boot-container-bundle/3.3.0.Final/spring-boot-container-bundle-3.3.0.Final.jar:/home/satyajitsingh/.m2/repository/org/keycloak/keycloak-spring-security-adapter/3.3.0.Final/keycloak-spring-security-adapter-3.3.0.Final.jar:/home/satyajitsingh/.m2/repository/org/keycloak/keycloak-adapter-spi/3.3.0.Final/keycloak-adapter-spi-3.3.0.Final.jar:/home/satyajitsingh/.m2/repository/org/keycloak/keycloak-adapter-core/3.3.0.Final/keycloak-adapter-core-3.3.0.Final.jar:/home/satyajitsingh/.m2/repository/org/bouncycastle/bcprov-jdk15on/1.56/bcprov-jdk15on-1.56.jar:/home/satyajitsingh/.m2/repository/org/keycloak/keycloak-admin-client/3.1.0.Final/keycloak-admin-client-3.1.0.Final.jar:/home/satyajitsingh/.m2/repository/org/keycloak/keycloak-core/3.3.0.Final/keycloak-core-3.3.0.Final.jar:/home/satyajitsingh/.m2/repository/org/keycloak/keycloak-common/3.3.0.Final/keycloak-common-3.3.0.Final.jar:/home/satyajitsingh/.m2/repository/org/bouncycastle/bcpkix-jdk15on/1.56/bcpkix-jdk15on-1.56.jar:/home/satyajitsingh/.m2/repository/javax/ws/rs/javax.ws.rs-api/2.0/javax.ws.rs-api-2.0.jar:/home/satyajitsingh/.m2/repository/org/jboss/resteasy/resteasy-jackson2-provider/3.0.14.Final/resteasy-jackson2-provider-3.0.14.Final.jar:/home/satyajitsingh/.m2/repository/com/fasterxml/jackson/core/jackson-core/2.8.8/jackson-core-2.8.8.jar:/home/satyajitsingh/.m2/repository/com/fasterxml/jackson/core/jackson-annotations/2.8.0/jackson-annotations-2.8.0.jar:/home/satyajitsingh/.m2/repository/com/fasterxml/jackson/jaxrs/jackson-jaxrs-json-provider/2.8.8/jackson-jaxrs-json-provider-2.8.8.jar:/home/satyajitsingh/.m2/repository/com/fasterxml/jackson/jaxrs/jackson-jaxrs-base/2.8.8/jackson-jaxrs-base-2.8.8.jar:/home/satyajitsingh/.m2/repository/com/fasterxml/jackson/module/jackson-module-jaxb-annotations/2.8.8/jackson-module-jaxb-annotations-2.8.8.jar:/home/satyajitsingh/.m2/repository/com/googlecode/json-simple/json-simple/1.1.1/json-simple-1.1.1.jar:/home/satyajitsingh/.m2/repository/org/jboss/resteasy/resteasy-client/3.0.19.Final/resteasy-client-3.0.19.Final.jar:/home/satyajitsingh/.m2/repository/org/jboss/resteasy/resteasy-jaxrs/3.0.19.Final/resteasy-jaxrs-3.0.19.Final.jar:/home/satyajitsingh/.m2/repository/org/jboss/spec/javax/ws/rs/jboss-jaxrs-api_2.0_spec/1.0.0.Final/jboss-jaxrs-api_2.0_spec-1.0.0.Final.jar:/home/satyajitsingh/.m2/repository/org/jboss/spec/javax/annotation/jboss-annotations-api_1.2_spec/1.0.0.Final/jboss-annotations-api_1.2_spec-1.0.0.Final.jar:/home/satyajitsingh/.m2/repository/javax/activation/activation/1.1.1/activation-1.1.1.jar:/home/satyajitsingh/.m2/repository/commons-io/commons-io/2.1/commons-io-2.1.jar:/home/satyajitsingh/.m2/repository/net/jcip/jcip-annotations/1.0/jcip-annotations-1.0.jar:/home/satyajitsingh/.m2/repository/org/jboss/logging/jboss-logging/3.3.1.Final/jboss-logging-3.3.1.Final.jar:"/>
    <property name="sun.cpu.endian" value="little"/>
    <property name="user.home" value="/home/satyajitsingh"/>
    <property name="user.language" value="en"/>
    <property name="java.specification.vendor" value="Oracle Corporation"/>
    <property name="java.home" value="/usr/lib/jvm/java-8-openjdk-amd64/jre"/>
    <property name="basedir" value="/home/satyajitsingh/eclipse-workspace/hmdemo"/>
    <property name="file.separator" value="/"/>
    <property name="line.separator" value="&#10;"/>
    <property name="java.vm.specification.vendor" value="Oracle Corporation"/>
    <property name="java.specification.name" value="Java Platform API Specification"/>
    <property name="java.awt.graphicsenv" value="sun.awt.X11GraphicsEnvironment"/>
    <property name="surefire.real.class.path" value="/home/satyajitsingh/eclipse-workspace/hmdemo/target/surefire/surefirebooter342986884330341305.jar"/>
    <property name="sun.boot.class.path" value="/usr/lib/jvm/java-8-openjdk-amd64/jre/lib/resources.jar:/usr/lib/jvm/java-8-openjdk-amd64/jre/lib/rt.jar:/usr/lib/jvm/java-8-openjdk-amd64/jre/lib/sunrsasign.jar:/usr/lib/jvm/java-8-openjdk-amd64/jre/lib/jsse.jar:/usr/lib/jvm/java-8-openjdk-amd64/jre/lib/jce.jar:/usr/lib/jvm/java-8-openjdk-amd64/jre/lib/charsets.jar:/usr/lib/jvm/java-8-openjdk-amd64/jre/lib/jfr.jar:/usr/lib/jvm/java-8-openjdk-amd64/jre/classes"/>
    <property name="sun.management.compiler" value="HotSpot 64-Bit Tiered Compilers"/>
    <property name="java.runtime.version" value="1.8.0_181-8u181-b13-1ubuntu0.16.04.1-b13"/>
    <property name="user.name" value="satyajitsingh"/>
    <property name="path.separator" value=":"/>
    <property name="os.version" value="4.15.0-39-generic"/>
    <property name="java.endorsed.dirs" value="/usr/lib/jvm/java-8-openjdk-amd64/jre/lib/endorsed"/>
    <property name="java.runtime.name" value="OpenJDK Runtime Environment"/>
    <property name="file.encoding" value="UTF-8"/>
    <property name="java.vm.name" value="OpenJDK 64-Bit Server VM"/>
    <property name="localRepository" value="/home/satyajitsingh/.m2/repository"/>
    <property name="java.vendor.url.bug" value="http://bugreport.sun.com/bugreport/"/>
    <property name="java.io.tmpdir" value="/tmp"/>
    <property name="java.version" value="1.8.0_181"/>
    <property name="user.dir" value="/home/satyajitsingh/eclipse-workspace/hmdemo"/>
    <property name="os.arch" value="amd64"/>
    <property name="java.vm.specification.name" value="Java Virtual Machine Specification"/>
    <property name="java.awt.printerjob" value="sun.print.PSPrinterJob"/>
    <property name="sun.os.patch.level" value="unknown"/>
    <property name="java.library.path" value="/usr/java/packages/lib/amd64:/usr/lib/x86_64-linux-gnu/jni:/lib/x86_64-linux-gnu:/usr/lib/x86_64-linux-gnu:/usr/lib/jni:/lib:/usr/lib"/>
    <property name="java.vm.info" value="mixed mode"/>
    <property name="java.vendor" value="Oracle Corporation"/>
    <property name="java.vm.version" value="25.181-b13"/>
    <property name="java.ext.dirs" value="/usr/lib/jvm/java-8-openjdk-amd64/jre/lib/ext:/usr/java/packages/lib/ext"/>
    <property name="sun.io.unicode.encoding" value="UnicodeLittle"/>
    <property name="java.class.version" value="52.0"/>
  </properties>
  <testcase name="contextLoads" classname="com.hmpo.hmdemo.HmdemoApplicationTests" time="0.013"/>
</testsuite>